::1 - - [19/Sep/2019:08:32:39 +0000] "GET /api/actors HTTP/1.1" 200 268 "-" "Mozilla/5.0 (Windows NT 10.0; Win64; x64) AppleWebKit/537.36 (KHTML, like Gecko) Chrome/76.0.3809.132 Safari/537.36"
::1 - - [19/Sep/2019:08:32:40 +0000] "GET /favicon.ico HTTP/1.1" 404 150 "http://localhost:3000/api/actors" "Mozilla/5.0 (Windows NT 10.0; Win64; x64) AppleWebKit/537.36 (KHTML, like Gecko) Chrome/76.0.3809.132 Safari/537.36"
::1 - - [19/Sep/2019:08:41:05 +0000] "POST /api/users/signup?username=%22Mahieyin%22&password=%22MIIM2009%22 HTTP/1.1" 404 156 "-" "PostmanRuntime/7.17.1"
::1 - - [19/Sep/2019:08:41:24 +0000] "POST /api/user/signup?username=%22Mahieyin%22&password=%22MIIM2009%22 HTTP/1.1" 200 105 "-" "PostmanRuntime/7.17.1"
::1 - - [19/Sep/2019:08:42:12 +0000] "POST /api/user/signup?username=%22Mahieyin%22&password=%22MIIM2009%22 HTTP/1.1" - - "-" "PostmanRuntime/7.17.1"
::1 - - [19/Sep/2019:08:42:14 +0000] "POST /api/user/signup?username=%22Mahieyin%22&password=%22MIIM2009%22 HTTP/1.1" - - "-" "PostmanRuntime/7.17.1"
::1 - - [19/Sep/2019:08:42:31 +0000] "POST /api/user/signup?username=%22Mahieyin%22&password=%22MIIM2009%22 HTTP/1.1" 200 105 "-" "PostmanRuntime/7.17.1"
::1 - - [19/Sep/2019:08:42:33 +0000] "POST /api/user/signup?username=%22Mahieyin%22&password=%22MIIM2009%22 HTTP/1.1" 200 105 "-" "PostmanRuntime/7.17.1"
::1 - - [19/Sep/2019:08:42:34 +0000] "POST /api/user/signup?username=%22Mahieyin%22&password=%22MIIM2009%22 HTTP/1.1" 200 105 "-" "PostmanRuntime/7.17.1"
::1 - - [19/Sep/2019:08:42:35 +0000] "POST /api/user/signup?username=%22Mahieyin%22&password=%22MIIM2009%22 HTTP/1.1" 200 105 "-" "PostmanRuntime/7.17.1"
::1 - - [19/Sep/2019:08:42:35 +0000] "POST /api/user/signup?username=%22Mahieyin%22&password=%22MIIM2009%22 HTTP/1.1" 200 105 "-" "PostmanRuntime/7.17.1"
::1 - - [19/Sep/2019:08:42:43 +0000] "POST /api/user/signup?username=%22Mahieyin%22&password=%22MIIM2019%22 HTTP/1.1" 200 105 "-" "PostmanRuntime/7.17.1"
::1 - - [19/Sep/2019:08:42:44 +0000] "POST /api/user/signup?username=%22Mahieyin%22&password=%22MIIM2019%22 HTTP/1.1" 200 105 "-" "PostmanRuntime/7.17.1"
::1 - - [19/Sep/2019:08:42:45 +0000] "POST /api/user/signup?username=%22Mahieyin%22&password=%22MIIM2019%22 HTTP/1.1" 200 105 "-" "PostmanRuntime/7.17.1"
::1 - - [19/Sep/2019:08:42:45 +0000] "POST /api/user/signup?username=%22Mahieyin%22&password=%22MIIM2019%22 HTTP/1.1" 200 105 "-" "PostmanRuntime/7.17.1"
::1 - - [19/Sep/2019:08:46:37 +0000] "POST /api/user/signup?username=%22Mahieyin%22&password=%22MIIMI2019%22 HTTP/1.1" 200 105 "-" "PostmanRuntime/7.17.1"
::1 - - [19/Sep/2019:09:22:00 +0000] "POST /api/user/signup?username=%22Mahieyin%22&password=%22MIIMI2019%22 HTTP/1.1" 500 22 "-" "PostmanRuntime/7.17.1"
::1 - - [19/Sep/2019:09:23:19 +0000] "POST /api/user/signup?username=%22Mahieyin%22&password=%22MIIMI2019%22 HTTP/1.1" 500 22 "-" "PostmanRuntime/7.17.1"
::1 - - [19/Sep/2019:09:24:20 +0000] "POST /api/user/signup?username=%22Mahieyin%22&password=%22MIIMI2019%22 HTTP/1.1" 500 22 "-" "PostmanRuntime/7.17.1"
::1 - - [19/Sep/2019:09:26:21 +0000] "POST /api/user/signup?username=%22mahieyin%22&password=%22MIIM2009%22 HTTP/1.1" 500 22 "-" "PostmanRuntime/7.17.1"
::1 - - [19/Sep/2019:09:26:51 +0000] "POST /api/user/signup?username=%22mahieyin%22&password=%22MIIM2009%22 HTTP/1.1" 500 22 "-" "PostmanRuntime/7.17.1"
::1 - - [19/Sep/2019:09:28:09 +0000] "POST /api/user/signup?username=%22mahieyin%22&password=%22MIIM2009%22 HTTP/1.1" 500 22 "-" "PostmanRuntime/7.17.1"
::1 - - [19/Sep/2019:09:30:31 +0000] "POST /api/user/signup?username=%22mahieyin%22&password=%22MIIM2009%22 HTTP/1.1" 500 22 "-" "PostmanRuntime/7.17.1"
::1 - - [19/Sep/2019:09:31:44 +0000] "POST /api/user/signup?username=%22mahieyin%22&password=%22MIIM2009%22 HTTP/1.1" 500 22 "-" "PostmanRuntime/7.17.1"
::1 - - [19/Sep/2019:09:32:07 +0000] "POST /api/user/signup?username=%22mahieyin%22&password=%22MIIM2009%22 HTTP/1.1" 500 22 "-" "PostmanRuntime/7.17.1"
::1 - - [19/Sep/2019:09:33:51 +0000] "POST /api/user/signup?username=%22mahieyin%22&password=%22MIIM2009%22 HTTP/1.1" 500 22 "-" "PostmanRuntime/7.17.1"
::1 - - [19/Sep/2019:09:35:40 +0000] "POST /api/user/signup?username=%22mahieyin%22&password=%22MIIM2009%22 HTTP/1.1" 500 22 "-" "PostmanRuntime/7.17.1"
::1 - - [19/Sep/2019:09:36:24 +0000] "POST /api/user/signup?username=%22mahieyin%22&password=%22MIIM2009%22 HTTP/1.1" 500 22 "-" "PostmanRuntime/7.17.1"
::1 - - [19/Sep/2019:09:36:42 +0000] "POST /api/user/signup?username=%22mahieyin%22&password=%22MIIM2009%22 HTTP/1.1" 500 22 "-" "PostmanRuntime/7.17.1"
::1 - - [19/Sep/2019:09:37:09 +0000] "POST /api/user/signup?username=%22mahieyin%22&password=%22MIIM2009%22 HTTP/1.1" 500 22 "-" "PostmanRuntime/7.17.1"
::1 - - [19/Sep/2019:09:39:58 +0000] "POST /api/user/signup HTTP/1.1" 500 22 "-" "PostmanRuntime/7.17.1"
::1 - - [19/Sep/2019:09:40:36 +0000] "POST /api/user/signup HTTP/1.1" 500 22 "-" "PostmanRuntime/7.17.1"
::1 - - [19/Sep/2019:09:41:02 +0000] "POST /api/user/signup?username=mahieyin&password=miim2009 HTTP/1.1" 500 22 "-" "PostmanRuntime/7.17.1"
::1 - - [19/Sep/2019:09:42:08 +0000] "POST /api/user/signup?username=mahieyin&password=miim2009 HTTP/1.1" 200 177 "-" "PostmanRuntime/7.17.1"
::1 - - [19/Sep/2019:09:42:25 +0000] "POST /api/user/signup HTTP/1.1" 303 20 "-" "PostmanRuntime/7.17.1"
::1 - - [19/Sep/2019:09:45:56 +0000] "POST /api/user/signup HTTP/1.1" 200 176 "-" "PostmanRuntime/7.17.1"
::1 - - [19/Sep/2019:09:46:04 +0000] "POST /api/user/signup HTTP/1.1" 303 20 "-" "PostmanRuntime/7.17.1"
::1 - - [19/Sep/2019:09:46:11 +0000] "POST /api/user/signup HTTP/1.1" 200 177 "-" "PostmanRuntime/7.17.1"
::1 - - [19/Sep/2019:09:46:25 +0000] "POST /api/user/signup HTTP/1.1" 303 20 "-" "PostmanRuntime/7.17.1"
::1 - - [19/Sep/2019:09:59:39 +0000] "POST /api/user/signup HTTP/1.1" 200 177 "-" "PostmanRuntime/7.17.1"
::1 - - [19/Sep/2019:09:59:55 +0000] "POST /api/user/signup HTTP/1.1" 303 20 "-" "PostmanRuntime/7.17.1"
::1 - - [19/Sep/2019:10:00:06 +0000] "POST /api/user/signup HTTP/1.1" 200 176 "-" "PostmanRuntime/7.17.1"
::1 - - [19/Sep/2019:10:00:10 +0000] "POST /api/user/signup HTTP/1.1" 303 20 "-" "PostmanRuntime/7.17.1"
::1 - - [19/Sep/2019:10:00:27 +0000] "POST /api/user/login HTTP/1.1" 200 176 "-" "PostmanRuntime/7.17.1"
